2025-04-08T11:22:18.855+03:00  INFO 7308 --- [main] o.e.library_on_spring.ApplicationRunner  : Starting ApplicationRunner using Java 21.0.6 with PID 7308 (G:\projects\library_on_spring\build\classes\java\main started by Admin in G:\projects\library_on_spring)
2025-04-08T11:22:18.879+03:00  INFO 7308 --- [main] o.e.library_on_spring.ApplicationRunner  : No active profile set, falling back to 1 default profile: "default"
2025-04-08T11:22:22.874+03:00  INFO 7308 --- [main] .s.d.r.c.RepositoryConfigurationDelegate : Bootstrapping Spring Data JPA repositories in DEFAULT mode.
2025-04-08T11:22:23.097+03:00  INFO 7308 --- [main] .s.d.r.c.RepositoryConfigurationDelegate : Finished Spring Data repository scanning in 203 ms. Found 4 JPA repository interfaces.
2025-04-08T11:22:27.389+03:00  INFO 7308 --- [main] o.s.b.w.embedded.tomcat.TomcatWebServer  : Tomcat initialized with port 8080 (http)
2025-04-08T11:22:27.463+03:00  INFO 7308 --- [main] o.apache.catalina.core.StandardService   : Starting service [Tomcat]
2025-04-08T11:22:27.464+03:00  INFO 7308 --- [main] o.apache.catalina.core.StandardEngine    : Starting Servlet engine: [Apache Tomcat/10.1.31]
2025-04-08T11:22:28.439+03:00  INFO 7308 --- [main] org.apache.jasper.servlet.TldScanner     : At least one JAR was scanned for TLDs yet contained no TLDs. Enable debug logging for this logger for a complete list of JARs that were scanned but no TLDs were found in them. Skipping unneeded JARs during scanning can improve startup time and JSP compilation time.
2025-04-08T11:22:28.452+03:00  INFO 7308 --- [main] o.a.c.c.C.[Tomcat].[localhost].[/]       : Initializing Spring embedded WebApplicationContext
2025-04-08T11:22:28.457+03:00  INFO 7308 --- [main] w.s.c.ServletWebServerApplicationContext : Root WebApplicationContext: initialization completed in 9455 ms
2025-04-08T11:22:31.004+03:00  INFO 7308 --- [main] o.hibernate.jpa.internal.util.LogHelper  : HHH000204: Processing PersistenceUnitInfo [name: default]
2025-04-08T11:22:31.167+03:00  INFO 7308 --- [main] org.hibernate.Version                    : HHH000412: Hibernate ORM core version 6.5.3.Final
2025-04-08T11:22:31.255+03:00  INFO 7308 --- [main] o.h.c.internal.RegionFactoryInitiator    : HHH000026: Second-level cache disabled
2025-04-08T11:22:31.458+03:00  INFO 7308 --- [main] o.h.e.boot.internal.EnversServiceImpl    : Envers integration enabled? : true
2025-04-08T11:22:32.117+03:00  INFO 7308 --- [main] o.s.o.j.p.SpringPersistenceUnitInfo      : No LoadTimeWeaver setup: ignoring JPA class transformer
2025-04-08T11:22:32.200+03:00  INFO 7308 --- [main] com.zaxxer.hikari.HikariDataSource       : HikariPool-1 - Starting...
2025-04-08T11:22:32.594+03:00  INFO 7308 --- [main] com.zaxxer.hikari.pool.HikariPool        : HikariPool-1 - Added connection org.postgresql.jdbc.PgConnection@878feb2
2025-04-08T11:22:32.598+03:00  INFO 7308 --- [main] com.zaxxer.hikari.HikariDataSource       : HikariPool-1 - Start completed.
2025-04-08T11:22:33.520+03:00  INFO 7308 --- [main] o.h.e.c.i.m.AuditMetadataGenerator       : Adding properties for entity: org.example.library_on_spring.database.entity.User
2025-04-08T11:22:33.523+03:00  INFO 7308 --- [main] o.h.e.c.i.m.AuditMetadataGenerator       : Adding properties for entity: org.example.library_on_spring.database.entity.Book
2025-04-08T11:22:33.527+03:00  INFO 7308 --- [main] o.h.e.c.i.m.AuditMetadataGenerator       : Adding properties for entity: org.example.library_on_spring.database.entity.Admin
2025-04-08T11:22:35.617+03:00 ERROR 7308 --- [main] o.h.metamodel.internal.MetadataContext   : HHH015007: Illegal argument on static metamodel field injection : org.hibernate.envers.DefaultRevisionEntity_#class_; expected type :  org.hibernate.metamodel.model.domain.internal.EntityTypeImpl; encountered type : jakarta.persistence.metamodel.MappedSuperclassType
2025-04-08T11:22:35.644+03:00  INFO 7308 --- [main] o.h.e.t.j.p.i.JtaPlatformInitiator       : HHH000489: No JTA platform available (set 'hibernate.transaction.jta.platform' to enable JTA platform integration)
2025-04-08T11:22:36.007+03:00  INFO 7308 --- [main] j.LocalContainerEntityManagerFactoryBean : Initialized JPA EntityManagerFactory for persistence unit 'default'
2025-04-08T11:22:36.898+03:00  INFO 7308 --- [main] o.s.d.j.r.query.QueryEnhancerFactory     : Hibernate is in classpath; If applicable, HQL parser will be used.
2025-04-08T11:22:38.729+03:00  INFO 7308 --- [main] r$InitializeUserDetailsManagerConfigurer : Global AuthenticationManager configured with UserDetailsService bean with name adminDetailsService
2025-04-08T11:22:39.684+03:00 DEBUG 7308 --- [main] o.s.s.web.DefaultSecurityFilterChain     : Will secure any request with filters: DisableEncodeUrlFilter, WebAsyncManagerIntegrationFilter, SecurityContextHolderFilter, HeaderWriterFilter, LogoutFilter, UsernamePasswordAuthenticationFilter, RequestCacheAwareFilter, SecurityContextHolderAwareRequestFilter, AnonymousAuthenticationFilter, ExceptionTranslationFilter, AuthorizationFilter
2025-04-08T11:22:40.806+03:00  INFO 7308 --- [main] o.s.b.w.embedded.tomcat.TomcatWebServer  : Tomcat started on port 8080 (http) with context path '/'
2025-04-08T11:22:40.828+03:00  INFO 7308 --- [main] o.e.library_on_spring.ApplicationRunner  : Started ApplicationRunner in 23.478 seconds (process running for 28.289)
2025-04-08T11:23:55.861+03:00  INFO 7308 --- [http-nio-8080-exec-1] o.a.c.c.C.[Tomcat].[localhost].[/]       : Initializing Spring DispatcherServlet 'dispatcherServlet'
2025-04-08T11:23:55.862+03:00  INFO 7308 --- [http-nio-8080-exec-1] o.s.web.servlet.DispatcherServlet        : Initializing Servlet 'dispatcherServlet'
2025-04-08T11:23:55.870+03:00  INFO 7308 --- [http-nio-8080-exec-1] o.s.web.servlet.DispatcherServlet        : Completed initialization in 7 ms
2025-04-08T11:23:55.909+03:00 DEBUG 7308 --- [http-nio-8080-exec-1] o.s.security.web.FilterChainProxy        : Securing GET /login
2025-04-08T11:23:55.926+03:00 DEBUG 7308 --- [http-nio-8080-exec-1] o.s.security.web.FilterChainProxy        : Secured GET /login
2025-04-08T11:23:56.085+03:00 DEBUG 7308 --- [http-nio-8080-exec-1] o.s.s.w.a.AnonymousAuthenticationFilter  : Set SecurityContextHolder to anonymous SecurityContext
2025-04-08T11:23:56.183+03:00 DEBUG 7308 --- [http-nio-8080-exec-2] o.s.security.web.FilterChainProxy        : Securing GET /favicon.ico
2025-04-08T11:23:56.189+03:00 DEBUG 7308 --- [http-nio-8080-exec-2] o.s.s.w.a.AnonymousAuthenticationFilter  : Set SecurityContextHolder to anonymous SecurityContext
2025-04-08T11:23:56.194+03:00 DEBUG 7308 --- [http-nio-8080-exec-2] o.s.s.web.DefaultRedirectStrategy        : Redirecting to http://localhost:8080/web/auth/login
2025-04-08T11:23:56.252+03:00 DEBUG 7308 --- [http-nio-8080-exec-3] o.s.security.web.FilterChainProxy        : Securing GET /web/auth/login
2025-04-08T11:23:56.252+03:00 DEBUG 7308 --- [http-nio-8080-exec-3] o.s.security.web.FilterChainProxy        : Secured GET /web/auth/login
2025-04-08T11:23:56.809+03:00 DEBUG 7308 --- [http-nio-8080-exec-3] o.s.s.w.a.AnonymousAuthenticationFilter  : Set SecurityContextHolder to anonymous SecurityContext
2025-04-08T11:24:11.979+03:00 DEBUG 7308 --- [http-nio-8080-exec-4] o.s.security.web.FilterChainProxy        : Securing GET /web/auth/login
2025-04-08T11:24:11.979+03:00 DEBUG 7308 --- [http-nio-8080-exec-4] o.s.security.web.FilterChainProxy        : Secured GET /web/auth/login
2025-04-08T11:24:11.991+03:00 DEBUG 7308 --- [http-nio-8080-exec-4] o.s.s.w.a.AnonymousAuthenticationFilter  : Set SecurityContextHolder to anonymous SecurityContext
2025-04-08T11:24:12.153+03:00 DEBUG 7308 --- [http-nio-8080-exec-5] o.s.security.web.FilterChainProxy        : Securing GET /favicon.ico
2025-04-08T11:24:12.154+03:00 DEBUG 7308 --- [http-nio-8080-exec-5] o.s.s.w.a.AnonymousAuthenticationFilter  : Set SecurityContextHolder to anonymous SecurityContext
2025-04-08T11:24:12.154+03:00 DEBUG 7308 --- [http-nio-8080-exec-5] o.s.s.web.DefaultRedirectStrategy        : Redirecting to http://localhost:8080/web/auth/login
2025-04-08T11:24:27.240+03:00 DEBUG 7308 --- [http-nio-8080-exec-6] o.s.security.web.FilterChainProxy        : Securing POST /login
2025-04-08T11:24:27.866+03:00 DEBUG 7308 --- [http-nio-8080-exec-6] o.s.s.a.dao.DaoAuthenticationProvider    : Authenticated user
2025-04-08T11:24:27.886+03:00 DEBUG 7308 --- [http-nio-8080-exec-6] w.c.HttpSessionSecurityContextRepository : Stored SecurityContextImpl [Authentication=UsernamePasswordAuthenticationToken [Principal=org.springframework.security.core.userdetails.User [Username=nikolaj, Password=[PROTECTED], Enabled=true, AccountNonExpired=true, CredentialsNonExpired=true, AccountNonLocked=true, Granted Authorities=[ROLE_SUPERUSER]], Credentials=[PROTECTED], Authenticated=true, Details=WebAuthenticationDetails [RemoteIpAddress=127.0.0.1, SessionId=null], Granted Authorities=[ROLE_SUPERUSER]]] to HttpSession [org.apache.catalina.session.StandardSessionFacade@7e5cc2a7]
2025-04-08T11:24:27.887+03:00 DEBUG 7308 --- [http-nio-8080-exec-6] w.a.UsernamePasswordAuthenticationFilter : Set SecurityContextHolder to UsernamePasswordAuthenticationToken [Principal=org.springframework.security.core.userdetails.User [Username=nikolaj, Password=[PROTECTED], Enabled=true, AccountNonExpired=true, CredentialsNonExpired=true, AccountNonLocked=true, Granted Authorities=[ROLE_SUPERUSER]], Credentials=[PROTECTED], Authenticated=true, Details=WebAuthenticationDetails [RemoteIpAddress=127.0.0.1, SessionId=null], Granted Authorities=[ROLE_SUPERUSER]]
2025-04-08T11:24:27.887+03:00 DEBUG 7308 --- [http-nio-8080-exec-6] o.s.s.web.DefaultRedirectStrategy        : Redirecting to /web/home
2025-04-08T11:24:27.898+03:00 DEBUG 7308 --- [http-nio-8080-exec-7] o.s.security.web.FilterChainProxy        : Securing GET /web/home
2025-04-08T11:24:27.899+03:00 DEBUG 7308 --- [http-nio-8080-exec-7] w.c.HttpSessionSecurityContextRepository : Retrieved SecurityContextImpl [Authentication=UsernamePasswordAuthenticationToken [Principal=org.springframework.security.core.userdetails.User [Username=nikolaj, Password=[PROTECTED], Enabled=true, AccountNonExpired=true, CredentialsNonExpired=true, AccountNonLocked=true, Granted Authorities=[ROLE_SUPERUSER]], Credentials=[PROTECTED], Authenticated=true, Details=WebAuthenticationDetails [RemoteIpAddress=127.0.0.1, SessionId=null], Granted Authorities=[ROLE_SUPERUSER]]]
2025-04-08T11:24:27.899+03:00 DEBUG 7308 --- [http-nio-8080-exec-7] o.s.security.web.FilterChainProxy        : Secured GET /web/home
2025-04-08T11:24:27.988+03:00 DEBUG 7308 --- [http-nio-8080-exec-8] o.s.security.web.FilterChainProxy        : Securing GET /web/auth/login
2025-04-08T11:24:27.988+03:00 DEBUG 7308 --- [http-nio-8080-exec-8] o.s.security.web.FilterChainProxy        : Secured GET /web/auth/login
2025-04-08T11:24:27.996+03:00 DEBUG 7308 --- [http-nio-8080-exec-8] o.s.s.w.a.AnonymousAuthenticationFilter  : Set SecurityContextHolder to anonymous SecurityContext
2025-04-08T11:26:54.645+03:00  INFO 7308 --- [SpringApplicationShutdownHook] j.LocalContainerEntityManagerFactoryBean : Closing JPA EntityManagerFactory for persistence unit 'default'
2025-04-08T11:26:54.650+03:00  INFO 7308 --- [SpringApplicationShutdownHook] com.zaxxer.hikari.HikariDataSource       : HikariPool-1 - Shutdown initiated...
2025-04-08T11:26:54.669+03:00  INFO 7308 --- [SpringApplicationShutdownHook] com.zaxxer.hikari.HikariDataSource       : HikariPool-1 - Shutdown completed.
2025-04-08T11:27:09.310+03:00  INFO 12560 --- [main] o.e.library_on_spring.ApplicationRunner  : Starting ApplicationRunner using Java 21.0.6 with PID 12560 (G:\projects\library_on_spring\build\classes\java\main started by Admin in G:\projects\library_on_spring)
2025-04-08T11:27:09.313+03:00  INFO 12560 --- [main] o.e.library_on_spring.ApplicationRunner  : No active profile set, falling back to 1 default profile: "default"
2025-04-08T11:27:11.130+03:00  INFO 12560 --- [main] .s.d.r.c.RepositoryConfigurationDelegate : Bootstrapping Spring Data JPA repositories in DEFAULT mode.
2025-04-08T11:27:11.281+03:00  INFO 12560 --- [main] .s.d.r.c.RepositoryConfigurationDelegate : Finished Spring Data repository scanning in 137 ms. Found 4 JPA repository interfaces.
2025-04-08T11:27:12.349+03:00  INFO 12560 --- [main] o.s.b.w.embedded.tomcat.TomcatWebServer  : Tomcat initialized with port 8080 (http)
2025-04-08T11:27:12.373+03:00  INFO 12560 --- [main] o.apache.catalina.core.StandardService   : Starting service [Tomcat]
2025-04-08T11:27:12.374+03:00  INFO 12560 --- [main] o.apache.catalina.core.StandardEngine    : Starting Servlet engine: [Apache Tomcat/10.1.31]
2025-04-08T11:27:12.677+03:00  INFO 12560 --- [main] org.apache.jasper.servlet.TldScanner     : At least one JAR was scanned for TLDs yet contained no TLDs. Enable debug logging for this logger for a complete list of JARs that were scanned but no TLDs were found in them. Skipping unneeded JARs during scanning can improve startup time and JSP compilation time.
2025-04-08T11:27:12.683+03:00  INFO 12560 --- [main] o.a.c.c.C.[Tomcat].[localhost].[/]       : Initializing Spring embedded WebApplicationContext
2025-04-08T11:27:12.684+03:00  INFO 12560 --- [main] w.s.c.ServletWebServerApplicationContext : Root WebApplicationContext: initialization completed in 3281 ms
2025-04-08T11:27:13.045+03:00  INFO 12560 --- [main] o.hibernate.jpa.internal.util.LogHelper  : HHH000204: Processing PersistenceUnitInfo [name: default]
2025-04-08T11:27:13.163+03:00  INFO 12560 --- [main] org.hibernate.Version                    : HHH000412: Hibernate ORM core version 6.5.3.Final
2025-04-08T11:27:13.217+03:00  INFO 12560 --- [main] o.h.c.internal.RegionFactoryInitiator    : HHH000026: Second-level cache disabled
2025-04-08T11:27:13.385+03:00  INFO 12560 --- [main] o.h.e.boot.internal.EnversServiceImpl    : Envers integration enabled? : true
2025-04-08T11:27:13.774+03:00  INFO 12560 --- [main] o.s.o.j.p.SpringPersistenceUnitInfo      : No LoadTimeWeaver setup: ignoring JPA class transformer
2025-04-08T11:27:13.824+03:00  INFO 12560 --- [main] com.zaxxer.hikari.HikariDataSource       : HikariPool-1 - Starting...
2025-04-08T11:27:14.053+03:00  INFO 12560 --- [main] com.zaxxer.hikari.pool.HikariPool        : HikariPool-1 - Added connection org.postgresql.jdbc.PgConnection@6ea3a513
2025-04-08T11:27:14.057+03:00  INFO 12560 --- [main] com.zaxxer.hikari.HikariDataSource       : HikariPool-1 - Start completed.
2025-04-08T11:27:14.645+03:00  INFO 12560 --- [main] o.h.e.c.i.m.AuditMetadataGenerator       : Adding properties for entity: org.example.library_on_spring.database.entity.User
2025-04-08T11:27:14.649+03:00  INFO 12560 --- [main] o.h.e.c.i.m.AuditMetadataGenerator       : Adding properties for entity: org.example.library_on_spring.database.entity.Book
2025-04-08T11:27:14.652+03:00  INFO 12560 --- [main] o.h.e.c.i.m.AuditMetadataGenerator       : Adding properties for entity: org.example.library_on_spring.database.entity.Admin
2025-04-08T11:27:16.221+03:00 ERROR 12560 --- [main] o.h.metamodel.internal.MetadataContext   : HHH015007: Illegal argument on static metamodel field injection : org.hibernate.envers.DefaultRevisionEntity_#class_; expected type :  org.hibernate.metamodel.model.domain.internal.EntityTypeImpl; encountered type : jakarta.persistence.metamodel.MappedSuperclassType
2025-04-08T11:27:16.238+03:00  INFO 12560 --- [main] o.h.e.t.j.p.i.JtaPlatformInitiator       : HHH000489: No JTA platform available (set 'hibernate.transaction.jta.platform' to enable JTA platform integration)
2025-04-08T11:27:16.448+03:00  INFO 12560 --- [main] j.LocalContainerEntityManagerFactoryBean : Initialized JPA EntityManagerFactory for persistence unit 'default'
2025-04-08T11:27:17.058+03:00  INFO 12560 --- [main] o.s.d.j.r.query.QueryEnhancerFactory     : Hibernate is in classpath; If applicable, HQL parser will be used.
2025-04-08T11:27:18.151+03:00  INFO 12560 --- [main] r$InitializeUserDetailsManagerConfigurer : Global AuthenticationManager configured with UserDetailsService bean with name adminDetailsService
2025-04-08T11:27:18.718+03:00 DEBUG 12560 --- [main] o.s.s.web.DefaultSecurityFilterChain     : Will secure any request with filters: DisableEncodeUrlFilter, WebAsyncManagerIntegrationFilter, SecurityContextHolderFilter, HeaderWriterFilter, LogoutFilter, UsernamePasswordAuthenticationFilter, RequestCacheAwareFilter, SecurityContextHolderAwareRequestFilter, AnonymousAuthenticationFilter, ExceptionTranslationFilter, AuthorizationFilter
2025-04-08T11:27:19.470+03:00  INFO 12560 --- [main] o.s.b.w.embedded.tomcat.TomcatWebServer  : Tomcat started on port 8080 (http) with context path '/'
2025-04-08T11:27:19.484+03:00  INFO 12560 --- [main] o.e.library_on_spring.ApplicationRunner  : Started ApplicationRunner in 11.226 seconds (process running for 15.798)
2025-04-08T11:27:25.772+03:00  INFO 12560 --- [http-nio-8080-exec-1] o.a.c.c.C.[Tomcat].[localhost].[/]       : Initializing Spring DispatcherServlet 'dispatcherServlet'
2025-04-08T11:27:25.772+03:00  INFO 12560 --- [http-nio-8080-exec-1] o.s.web.servlet.DispatcherServlet        : Initializing Servlet 'dispatcherServlet'
2025-04-08T11:27:25.774+03:00  INFO 12560 --- [http-nio-8080-exec-1] o.s.web.servlet.DispatcherServlet        : Completed initialization in 1 ms
2025-04-08T11:27:25.799+03:00 DEBUG 12560 --- [http-nio-8080-exec-1] o.s.security.web.FilterChainProxy        : Securing GET /web/home
2025-04-08T11:27:25.812+03:00 DEBUG 12560 --- [http-nio-8080-exec-1] o.s.s.w.a.AnonymousAuthenticationFilter  : Set SecurityContextHolder to anonymous SecurityContext
2025-04-08T11:27:25.835+03:00 DEBUG 12560 --- [http-nio-8080-exec-1] o.s.s.w.s.HttpSessionRequestCache        : Saved request http://localhost:8080/web/home?continue to session
2025-04-08T11:27:25.837+03:00 DEBUG 12560 --- [http-nio-8080-exec-1] o.s.s.web.DefaultRedirectStrategy        : Redirecting to http://localhost:8080/web/auth/login
2025-04-08T11:27:25.847+03:00 DEBUG 12560 --- [http-nio-8080-exec-2] o.s.security.web.FilterChainProxy        : Securing GET /web/auth/login
2025-04-08T11:27:25.848+03:00 DEBUG 12560 --- [http-nio-8080-exec-2] o.s.security.web.FilterChainProxy        : Secured GET /web/auth/login
2025-04-08T11:27:26.268+03:00 DEBUG 12560 --- [http-nio-8080-exec-2] o.s.s.w.a.AnonymousAuthenticationFilter  : Set SecurityContextHolder to anonymous SecurityContext
2025-04-08T11:27:34.353+03:00 DEBUG 12560 --- [http-nio-8080-exec-3] o.s.security.web.FilterChainProxy        : Securing POST /login
2025-04-08T11:27:34.808+03:00 DEBUG 12560 --- [http-nio-8080-exec-3] o.s.s.a.dao.DaoAuthenticationProvider    : Authenticated user
2025-04-08T11:27:34.809+03:00 DEBUG 12560 --- [http-nio-8080-exec-3] .s.ChangeSessionIdAuthenticationStrategy : Changed session id from 03793B60546E4A89DA8BC83090B6E138
2025-04-08T11:27:34.811+03:00 DEBUG 12560 --- [http-nio-8080-exec-3] w.c.HttpSessionSecurityContextRepository : Stored SecurityContextImpl [Authentication=UsernamePasswordAuthenticationToken [Principal=org.springframework.security.core.userdetails.User [Username=nikolaj, Password=[PROTECTED], Enabled=true, AccountNonExpired=true, CredentialsNonExpired=true, AccountNonLocked=true, Granted Authorities=[ROLE_SUPERUSER]], Credentials=[PROTECTED], Authenticated=true, Details=WebAuthenticationDetails [RemoteIpAddress=127.0.0.1, SessionId=03793B60546E4A89DA8BC83090B6E138], Granted Authorities=[ROLE_SUPERUSER]]] to HttpSession [org.apache.catalina.session.StandardSessionFacade@2f02d498]
2025-04-08T11:27:34.811+03:00 DEBUG 12560 --- [http-nio-8080-exec-3] w.a.UsernamePasswordAuthenticationFilter : Set SecurityContextHolder to UsernamePasswordAuthenticationToken [Principal=org.springframework.security.core.userdetails.User [Username=nikolaj, Password=[PROTECTED], Enabled=true, AccountNonExpired=true, CredentialsNonExpired=true, AccountNonLocked=true, Granted Authorities=[ROLE_SUPERUSER]], Credentials=[PROTECTED], Authenticated=true, Details=WebAuthenticationDetails [RemoteIpAddress=127.0.0.1, SessionId=03793B60546E4A89DA8BC83090B6E138], Granted Authorities=[ROLE_SUPERUSER]]
2025-04-08T11:27:34.812+03:00 DEBUG 12560 --- [http-nio-8080-exec-3] o.s.s.web.DefaultRedirectStrategy        : Redirecting to /web/home
2025-04-08T11:27:34.822+03:00 DEBUG 12560 --- [http-nio-8080-exec-4] o.s.security.web.FilterChainProxy        : Securing GET /web/home
2025-04-08T11:27:34.823+03:00 DEBUG 12560 --- [http-nio-8080-exec-4] w.c.HttpSessionSecurityContextRepository : Retrieved SecurityContextImpl [Authentication=UsernamePasswordAuthenticationToken [Principal=org.springframework.security.core.userdetails.User [Username=nikolaj, Password=[PROTECTED], Enabled=true, AccountNonExpired=true, CredentialsNonExpired=true, AccountNonLocked=true, Granted Authorities=[ROLE_SUPERUSER]], Credentials=[PROTECTED], Authenticated=true, Details=WebAuthenticationDetails [RemoteIpAddress=127.0.0.1, SessionId=03793B60546E4A89DA8BC83090B6E138], Granted Authorities=[ROLE_SUPERUSER]]]
2025-04-08T11:27:34.824+03:00 DEBUG 12560 --- [http-nio-8080-exec-4] o.s.security.web.FilterChainProxy        : Secured GET /web/home
2025-04-08T11:27:40.027+03:00 DEBUG 12560 --- [http-nio-8080-exec-5] o.s.security.web.FilterChainProxy        : Securing GET /swagger-ui.html
2025-04-08T11:27:40.028+03:00 DEBUG 12560 --- [http-nio-8080-exec-5] w.c.HttpSessionSecurityContextRepository : Retrieved SecurityContextImpl [Authentication=UsernamePasswordAuthenticationToken [Principal=org.springframework.security.core.userdetails.User [Username=nikolaj, Password=[PROTECTED], Enabled=true, AccountNonExpired=true, CredentialsNonExpired=true, AccountNonLocked=true, Granted Authorities=[ROLE_SUPERUSER]], Credentials=[PROTECTED], Authenticated=true, Details=WebAuthenticationDetails [RemoteIpAddress=127.0.0.1, SessionId=03793B60546E4A89DA8BC83090B6E138], Granted Authorities=[ROLE_SUPERUSER]]]
2025-04-08T11:27:40.028+03:00 DEBUG 12560 --- [http-nio-8080-exec-5] o.s.security.web.FilterChainProxy        : Secured GET /swagger-ui.html
2025-04-08T11:27:40.104+03:00 DEBUG 12560 --- [http-nio-8080-exec-6] o.s.security.web.FilterChainProxy        : Securing GET /swagger-ui/index.html
2025-04-08T11:27:40.104+03:00 DEBUG 12560 --- [http-nio-8080-exec-6] w.c.HttpSessionSecurityContextRepository : Retrieved SecurityContextImpl [Authentication=UsernamePasswordAuthenticationToken [Principal=org.springframework.security.core.userdetails.User [Username=nikolaj, Password=[PROTECTED], Enabled=true, AccountNonExpired=true, CredentialsNonExpired=true, AccountNonLocked=true, Granted Authorities=[ROLE_SUPERUSER]], Credentials=[PROTECTED], Authenticated=true, Details=WebAuthenticationDetails [RemoteIpAddress=127.0.0.1, SessionId=03793B60546E4A89DA8BC83090B6E138], Granted Authorities=[ROLE_SUPERUSER]]]
2025-04-08T11:27:40.105+03:00 DEBUG 12560 --- [http-nio-8080-exec-6] o.s.security.web.FilterChainProxy        : Secured GET /swagger-ui/index.html
2025-04-08T11:27:40.163+03:00 DEBUG 12560 --- [http-nio-8080-exec-7] o.s.security.web.FilterChainProxy        : Securing GET /swagger-ui/swagger-initializer.js
2025-04-08T11:27:40.164+03:00 DEBUG 12560 --- [http-nio-8080-exec-7] w.c.HttpSessionSecurityContextRepository : Retrieved SecurityContextImpl [Authentication=UsernamePasswordAuthenticationToken [Principal=org.springframework.security.core.userdetails.User [Username=nikolaj, Password=[PROTECTED], Enabled=true, AccountNonExpired=true, CredentialsNonExpired=true, AccountNonLocked=true, Granted Authorities=[ROLE_SUPERUSER]], Credentials=[PROTECTED], Authenticated=true, Details=WebAuthenticationDetails [RemoteIpAddress=127.0.0.1, SessionId=03793B60546E4A89DA8BC83090B6E138], Granted Authorities=[ROLE_SUPERUSER]]]
2025-04-08T11:27:40.166+03:00 DEBUG 12560 --- [http-nio-8080-exec-7] o.s.security.web.FilterChainProxy        : Secured GET /swagger-ui/swagger-initializer.js
2025-04-08T11:27:40.535+03:00 DEBUG 12560 --- [http-nio-8080-exec-8] o.s.security.web.FilterChainProxy        : Securing GET /swagger-ui/favicon-16x16.png
2025-04-08T11:27:40.536+03:00 DEBUG 12560 --- [http-nio-8080-exec-8] w.c.HttpSessionSecurityContextRepository : Retrieved SecurityContextImpl [Authentication=UsernamePasswordAuthenticationToken [Principal=org.springframework.security.core.userdetails.User [Username=nikolaj, Password=[PROTECTED], Enabled=true, AccountNonExpired=true, CredentialsNonExpired=true, AccountNonLocked=true, Granted Authorities=[ROLE_SUPERUSER]], Credentials=[PROTECTED], Authenticated=true, Details=WebAuthenticationDetails [RemoteIpAddress=127.0.0.1, SessionId=03793B60546E4A89DA8BC83090B6E138], Granted Authorities=[ROLE_SUPERUSER]]]
2025-04-08T11:27:40.537+03:00 DEBUG 12560 --- [http-nio-8080-exec-8] o.s.security.web.FilterChainProxy        : Secured GET /swagger-ui/favicon-16x16.png
2025-04-08T11:27:40.570+03:00 DEBUG 12560 --- [http-nio-8080-exec-9] o.s.security.web.FilterChainProxy        : Securing GET /v3/api-docs/swagger-config
2025-04-08T11:27:40.571+03:00 DEBUG 12560 --- [http-nio-8080-exec-9] w.c.HttpSessionSecurityContextRepository : Retrieved SecurityContextImpl [Authentication=UsernamePasswordAuthenticationToken [Principal=org.springframework.security.core.userdetails.User [Username=nikolaj, Password=[PROTECTED], Enabled=true, AccountNonExpired=true, CredentialsNonExpired=true, AccountNonLocked=true, Granted Authorities=[ROLE_SUPERUSER]], Credentials=[PROTECTED], Authenticated=true, Details=WebAuthenticationDetails [RemoteIpAddress=127.0.0.1, SessionId=03793B60546E4A89DA8BC83090B6E138], Granted Authorities=[ROLE_SUPERUSER]]]
2025-04-08T11:27:40.573+03:00 DEBUG 12560 --- [http-nio-8080-exec-9] o.s.security.web.FilterChainProxy        : Secured GET /v3/api-docs/swagger-config
2025-04-08T11:27:40.625+03:00 DEBUG 12560 --- [http-nio-8080-exec-10] o.s.security.web.FilterChainProxy        : Securing GET /v3/api-docs
2025-04-08T11:27:40.629+03:00 DEBUG 12560 --- [http-nio-8080-exec-10] w.c.HttpSessionSecurityContextRepository : Retrieved SecurityContextImpl [Authentication=UsernamePasswordAuthenticationToken [Principal=org.springframework.security.core.userdetails.User [Username=nikolaj, Password=[PROTECTED], Enabled=true, AccountNonExpired=true, CredentialsNonExpired=true, AccountNonLocked=true, Granted Authorities=[ROLE_SUPERUSER]], Credentials=[PROTECTED], Authenticated=true, Details=WebAuthenticationDetails [RemoteIpAddress=127.0.0.1, SessionId=03793B60546E4A89DA8BC83090B6E138], Granted Authorities=[ROLE_SUPERUSER]]]
2025-04-08T11:27:40.629+03:00 DEBUG 12560 --- [http-nio-8080-exec-10] o.s.security.web.FilterChainProxy        : Secured GET /v3/api-docs
2025-04-08T11:27:42.105+03:00  INFO 12560 --- [http-nio-8080-exec-10] o.springdoc.api.AbstractOpenApiResource  : Init duration for springdoc-openapi is: 1435 ms
2025-04-08T11:57:54.277+03:00  INFO 12560 --- [SpringApplicationShutdownHook] j.LocalContainerEntityManagerFactoryBean : Closing JPA EntityManagerFactory for persistence unit 'default'
2025-04-08T11:57:54.285+03:00  INFO 12560 --- [SpringApplicationShutdownHook] com.zaxxer.hikari.HikariDataSource       : HikariPool-1 - Shutdown initiated...
2025-04-08T11:57:54.494+03:00  INFO 12560 --- [SpringApplicationShutdownHook] com.zaxxer.hikari.HikariDataSource       : HikariPool-1 - Shutdown completed.
2025-04-08T14:10:06.573+03:00  INFO 6860 --- [main] o.e.library_on_spring.ApplicationRunner  : Starting ApplicationRunner using Java 21.0.6 with PID 6860 (G:\projects\library_on_spring\build\classes\java\main started by Admin in G:\projects\library_on_spring)
2025-04-08T14:10:06.578+03:00  INFO 6860 --- [main] o.e.library_on_spring.ApplicationRunner  : No active profile set, falling back to 1 default profile: "default"
2025-04-08T14:10:08.135+03:00  INFO 6860 --- [main] .s.d.r.c.RepositoryConfigurationDelegate : Bootstrapping Spring Data JPA repositories in DEFAULT mode.
2025-04-08T14:10:08.245+03:00  INFO 6860 --- [main] .s.d.r.c.RepositoryConfigurationDelegate : Finished Spring Data repository scanning in 100 ms. Found 4 JPA repository interfaces.
2025-04-08T14:10:09.124+03:00  INFO 6860 --- [main] o.s.b.w.embedded.tomcat.TomcatWebServer  : Tomcat initialized with port 8080 (http)
2025-04-08T14:10:09.147+03:00  INFO 6860 --- [main] o.apache.catalina.core.StandardService   : Starting service [Tomcat]
2025-04-08T14:10:09.148+03:00  INFO 6860 --- [main] o.apache.catalina.core.StandardEngine    : Starting Servlet engine: [Apache Tomcat/10.1.31]
2025-04-08T14:10:09.395+03:00  INFO 6860 --- [main] org.apache.jasper.servlet.TldScanner     : At least one JAR was scanned for TLDs yet contained no TLDs. Enable debug logging for this logger for a complete list of JARs that were scanned but no TLDs were found in them. Skipping unneeded JARs during scanning can improve startup time and JSP compilation time.
2025-04-08T14:10:09.401+03:00  INFO 6860 --- [main] o.a.c.c.C.[Tomcat].[localhost].[/]       : Initializing Spring embedded WebApplicationContext
2025-04-08T14:10:09.401+03:00  INFO 6860 --- [main] w.s.c.ServletWebServerApplicationContext : Root WebApplicationContext: initialization completed in 2711 ms
2025-04-08T14:10:09.688+03:00  INFO 6860 --- [main] o.hibernate.jpa.internal.util.LogHelper  : HHH000204: Processing PersistenceUnitInfo [name: default]
2025-04-08T14:10:09.773+03:00  INFO 6860 --- [main] org.hibernate.Version                    : HHH000412: Hibernate ORM core version 6.5.3.Final
2025-04-08T14:10:09.825+03:00  INFO 6860 --- [main] o.h.c.internal.RegionFactoryInitiator    : HHH000026: Second-level cache disabled
2025-04-08T14:10:09.974+03:00  INFO 6860 --- [main] o.h.e.boot.internal.EnversServiceImpl    : Envers integration enabled? : true
2025-04-08T14:10:10.336+03:00  INFO 6860 --- [main] o.s.o.j.p.SpringPersistenceUnitInfo      : No LoadTimeWeaver setup: ignoring JPA class transformer
2025-04-08T14:10:10.377+03:00  INFO 6860 --- [main] com.zaxxer.hikari.HikariDataSource       : HikariPool-1 - Starting...
2025-04-08T14:10:10.595+03:00  INFO 6860 --- [main] com.zaxxer.hikari.pool.HikariPool        : HikariPool-1 - Added connection org.postgresql.jdbc.PgConnection@11015ca0
2025-04-08T14:10:10.599+03:00  INFO 6860 --- [main] com.zaxxer.hikari.HikariDataSource       : HikariPool-1 - Start completed.
2025-04-08T14:10:11.132+03:00  INFO 6860 --- [main] o.h.e.c.i.m.AuditMetadataGenerator       : Adding properties for entity: org.example.library_on_spring.database.entity.User
2025-04-08T14:10:11.136+03:00  INFO 6860 --- [main] o.h.e.c.i.m.AuditMetadataGenerator       : Adding properties for entity: org.example.library_on_spring.database.entity.Book
2025-04-08T14:10:11.139+03:00  INFO 6860 --- [main] o.h.e.c.i.m.AuditMetadataGenerator       : Adding properties for entity: org.example.library_on_spring.database.entity.Admin
2025-04-08T14:10:12.824+03:00 ERROR 6860 --- [main] o.h.metamodel.internal.MetadataContext   : HHH015007: Illegal argument on static metamodel field injection : org.hibernate.envers.DefaultRevisionEntity_#class_; expected type :  org.hibernate.metamodel.model.domain.internal.EntityTypeImpl; encountered type : jakarta.persistence.metamodel.MappedSuperclassType
2025-04-08T14:10:12.839+03:00  INFO 6860 --- [main] o.h.e.t.j.p.i.JtaPlatformInitiator       : HHH000489: No JTA platform available (set 'hibernate.transaction.jta.platform' to enable JTA platform integration)
2025-04-08T14:10:13.068+03:00  INFO 6860 --- [main] j.LocalContainerEntityManagerFactoryBean : Initialized JPA EntityManagerFactory for persistence unit 'default'
2025-04-08T14:10:13.676+03:00  INFO 6860 --- [main] o.s.d.j.r.query.QueryEnhancerFactory     : Hibernate is in classpath; If applicable, HQL parser will be used.
2025-04-08T14:10:14.734+03:00  INFO 6860 --- [main] r$InitializeUserDetailsManagerConfigurer : Global AuthenticationManager configured with UserDetailsService bean with name adminDetailsService
2025-04-08T14:10:15.252+03:00 DEBUG 6860 --- [main] o.s.s.web.DefaultSecurityFilterChain     : Will secure any request with filters: DisableEncodeUrlFilter, WebAsyncManagerIntegrationFilter, SecurityContextHolderFilter, HeaderWriterFilter, LogoutFilter, UsernamePasswordAuthenticationFilter, RequestCacheAwareFilter, SecurityContextHolderAwareRequestFilter, AnonymousAuthenticationFilter, ExceptionTranslationFilter, AuthorizationFilter
2025-04-08T14:10:15.956+03:00  INFO 6860 --- [main] o.s.b.w.embedded.tomcat.TomcatWebServer  : Tomcat started on port 8080 (http) with context path '/'
2025-04-08T14:10:15.970+03:00  INFO 6860 --- [main] o.e.library_on_spring.ApplicationRunner  : Started ApplicationRunner in 10.352 seconds (process running for 11.774)
2025-04-08T14:10:22.422+03:00  INFO 6860 --- [http-nio-8080-exec-1] o.a.c.c.C.[Tomcat].[localhost].[/]       : Initializing Spring DispatcherServlet 'dispatcherServlet'
2025-04-08T14:10:22.424+03:00  INFO 6860 --- [http-nio-8080-exec-1] o.s.web.servlet.DispatcherServlet        : Initializing Servlet 'dispatcherServlet'
2025-04-08T14:10:22.427+03:00  INFO 6860 --- [http-nio-8080-exec-1] o.s.web.servlet.DispatcherServlet        : Completed initialization in 3 ms
2025-04-08T14:10:22.468+03:00 DEBUG 6860 --- [http-nio-8080-exec-1] o.s.security.web.FilterChainProxy        : Securing GET /swagger-ui/index.html
2025-04-08T14:10:22.512+03:00 DEBUG 6860 --- [http-nio-8080-exec-1] o.s.s.w.a.AnonymousAuthenticationFilter  : Set SecurityContextHolder to anonymous SecurityContext
2025-04-08T14:10:22.570+03:00 DEBUG 6860 --- [http-nio-8080-exec-1] o.s.s.w.s.HttpSessionRequestCache        : Saved request http://localhost:8080/swagger-ui/index.html?continue to session
2025-04-08T14:10:22.572+03:00 DEBUG 6860 --- [http-nio-8080-exec-1] o.s.s.web.DefaultRedirectStrategy        : Redirecting to http://localhost:8080/web/auth/login
2025-04-08T14:10:22.608+03:00 DEBUG 6860 --- [http-nio-8080-exec-2] o.s.security.web.FilterChainProxy        : Securing GET /web/auth/login
2025-04-08T14:10:22.610+03:00 DEBUG 6860 --- [http-nio-8080-exec-2] o.s.security.web.FilterChainProxy        : Secured GET /web/auth/login
2025-04-08T14:10:23.622+03:00 DEBUG 6860 --- [http-nio-8080-exec-2] o.s.s.w.a.AnonymousAuthenticationFilter  : Set SecurityContextHolder to anonymous SecurityContext
2025-04-08T14:10:32.461+03:00 DEBUG 6860 --- [http-nio-8080-exec-3] o.s.security.web.FilterChainProxy        : Securing POST /login
2025-04-08T14:10:32.836+03:00 DEBUG 6860 --- [http-nio-8080-exec-3] o.s.s.a.dao.DaoAuthenticationProvider    : Authenticated user
2025-04-08T14:10:32.837+03:00 DEBUG 6860 --- [http-nio-8080-exec-3] .s.ChangeSessionIdAuthenticationStrategy : Changed session id from 71D885C5C166B25811A5ABC6ACCB0835
2025-04-08T14:10:32.839+03:00 DEBUG 6860 --- [http-nio-8080-exec-3] w.c.HttpSessionSecurityContextRepository : Stored SecurityContextImpl [Authentication=UsernamePasswordAuthenticationToken [Principal=org.springframework.security.core.userdetails.User [Username=nikolaj, Password=[PROTECTED], Enabled=true, AccountNonExpired=true, CredentialsNonExpired=true, AccountNonLocked=true, Granted Authorities=[ROLE_SUPERUSER]], Credentials=[PROTECTED], Authenticated=true, Details=WebAuthenticationDetails [RemoteIpAddress=127.0.0.1, SessionId=71D885C5C166B25811A5ABC6ACCB0835], Granted Authorities=[ROLE_SUPERUSER]]] to HttpSession [org.apache.catalina.session.StandardSessionFacade@1418c02c]
2025-04-08T14:10:32.839+03:00 DEBUG 6860 --- [http-nio-8080-exec-3] w.a.UsernamePasswordAuthenticationFilter : Set SecurityContextHolder to UsernamePasswordAuthenticationToken [Principal=org.springframework.security.core.userdetails.User [Username=nikolaj, Password=[PROTECTED], Enabled=true, AccountNonExpired=true, CredentialsNonExpired=true, AccountNonLocked=true, Granted Authorities=[ROLE_SUPERUSER]], Credentials=[PROTECTED], Authenticated=true, Details=WebAuthenticationDetails [RemoteIpAddress=127.0.0.1, SessionId=71D885C5C166B25811A5ABC6ACCB0835], Granted Authorities=[ROLE_SUPERUSER]]
2025-04-08T14:10:32.840+03:00 DEBUG 6860 --- [http-nio-8080-exec-3] o.s.s.web.DefaultRedirectStrategy        : Redirecting to /web/home
2025-04-08T14:10:32.848+03:00 DEBUG 6860 --- [http-nio-8080-exec-4] o.s.security.web.FilterChainProxy        : Securing GET /web/home
2025-04-08T14:10:32.850+03:00 DEBUG 6860 --- [http-nio-8080-exec-4] w.c.HttpSessionSecurityContextRepository : Retrieved SecurityContextImpl [Authentication=UsernamePasswordAuthenticationToken [Principal=org.springframework.security.core.userdetails.User [Username=nikolaj, Password=[PROTECTED], Enabled=true, AccountNonExpired=true, CredentialsNonExpired=true, AccountNonLocked=true, Granted Authorities=[ROLE_SUPERUSER]], Credentials=[PROTECTED], Authenticated=true, Details=WebAuthenticationDetails [RemoteIpAddress=127.0.0.1, SessionId=71D885C5C166B25811A5ABC6ACCB0835], Granted Authorities=[ROLE_SUPERUSER]]]
2025-04-08T14:10:32.850+03:00 DEBUG 6860 --- [http-nio-8080-exec-4] o.s.security.web.FilterChainProxy        : Secured GET /web/home
2025-04-08T14:10:36.431+03:00 DEBUG 6860 --- [http-nio-8080-exec-5] o.s.security.web.FilterChainProxy        : Securing GET /swagger-ui.html
2025-04-08T14:10:36.432+03:00 DEBUG 6860 --- [http-nio-8080-exec-5] w.c.HttpSessionSecurityContextRepository : Retrieved SecurityContextImpl [Authentication=UsernamePasswordAuthenticationToken [Principal=org.springframework.security.core.userdetails.User [Username=nikolaj, Password=[PROTECTED], Enabled=true, AccountNonExpired=true, CredentialsNonExpired=true, AccountNonLocked=true, Granted Authorities=[ROLE_SUPERUSER]], Credentials=[PROTECTED], Authenticated=true, Details=WebAuthenticationDetails [RemoteIpAddress=127.0.0.1, SessionId=71D885C5C166B25811A5ABC6ACCB0835], Granted Authorities=[ROLE_SUPERUSER]]]
2025-04-08T14:10:36.433+03:00 DEBUG 6860 --- [http-nio-8080-exec-5] o.s.security.web.FilterChainProxy        : Secured GET /swagger-ui.html
2025-04-08T14:10:36.525+03:00 DEBUG 6860 --- [http-nio-8080-exec-6] o.s.security.web.FilterChainProxy        : Securing GET /swagger-ui/index.html
2025-04-08T14:10:36.526+03:00 DEBUG 6860 --- [http-nio-8080-exec-6] w.c.HttpSessionSecurityContextRepository : Retrieved SecurityContextImpl [Authentication=UsernamePasswordAuthenticationToken [Principal=org.springframework.security.core.userdetails.User [Username=nikolaj, Password=[PROTECTED], Enabled=true, AccountNonExpired=true, CredentialsNonExpired=true, AccountNonLocked=true, Granted Authorities=[ROLE_SUPERUSER]], Credentials=[PROTECTED], Authenticated=true, Details=WebAuthenticationDetails [RemoteIpAddress=127.0.0.1, SessionId=71D885C5C166B25811A5ABC6ACCB0835], Granted Authorities=[ROLE_SUPERUSER]]]
2025-04-08T14:10:36.526+03:00 DEBUG 6860 --- [http-nio-8080-exec-6] o.s.security.web.FilterChainProxy        : Secured GET /swagger-ui/index.html
2025-04-08T14:10:36.599+03:00 DEBUG 6860 --- [http-nio-8080-exec-7] o.s.security.web.FilterChainProxy        : Securing GET /swagger-ui/swagger-initializer.js
2025-04-08T14:10:36.601+03:00 DEBUG 6860 --- [http-nio-8080-exec-7] w.c.HttpSessionSecurityContextRepository : Retrieved SecurityContextImpl [Authentication=UsernamePasswordAuthenticationToken [Principal=org.springframework.security.core.userdetails.User [Username=nikolaj, Password=[PROTECTED], Enabled=true, AccountNonExpired=true, CredentialsNonExpired=true, AccountNonLocked=true, Granted Authorities=[ROLE_SUPERUSER]], Credentials=[PROTECTED], Authenticated=true, Details=WebAuthenticationDetails [RemoteIpAddress=127.0.0.1, SessionId=71D885C5C166B25811A5ABC6ACCB0835], Granted Authorities=[ROLE_SUPERUSER]]]
2025-04-08T14:10:36.605+03:00 DEBUG 6860 --- [http-nio-8080-exec-7] o.s.security.web.FilterChainProxy        : Secured GET /swagger-ui/swagger-initializer.js
2025-04-08T14:10:36.800+03:00 DEBUG 6860 --- [http-nio-8080-exec-8] o.s.security.web.FilterChainProxy        : Securing GET /v3/api-docs/swagger-config
2025-04-08T14:10:36.801+03:00 DEBUG 6860 --- [http-nio-8080-exec-8] w.c.HttpSessionSecurityContextRepository : Retrieved SecurityContextImpl [Authentication=UsernamePasswordAuthenticationToken [Principal=org.springframework.security.core.userdetails.User [Username=nikolaj, Password=[PROTECTED], Enabled=true, AccountNonExpired=true, CredentialsNonExpired=true, AccountNonLocked=true, Granted Authorities=[ROLE_SUPERUSER]], Credentials=[PROTECTED], Authenticated=true, Details=WebAuthenticationDetails [RemoteIpAddress=127.0.0.1, SessionId=71D885C5C166B25811A5ABC6ACCB0835], Granted Authorities=[ROLE_SUPERUSER]]]
2025-04-08T14:10:36.801+03:00 DEBUG 6860 --- [http-nio-8080-exec-8] o.s.security.web.FilterChainProxy        : Secured GET /v3/api-docs/swagger-config
2025-04-08T14:10:36.836+03:00 DEBUG 6860 --- [http-nio-8080-exec-9] o.s.security.web.FilterChainProxy        : Securing GET /v3/api-docs
2025-04-08T14:10:36.836+03:00 DEBUG 6860 --- [http-nio-8080-exec-9] w.c.HttpSessionSecurityContextRepository : Retrieved SecurityContextImpl [Authentication=UsernamePasswordAuthenticationToken [Principal=org.springframework.security.core.userdetails.User [Username=nikolaj, Password=[PROTECTED], Enabled=true, AccountNonExpired=true, CredentialsNonExpired=true, AccountNonLocked=true, Granted Authorities=[ROLE_SUPERUSER]], Credentials=[PROTECTED], Authenticated=true, Details=WebAuthenticationDetails [RemoteIpAddress=127.0.0.1, SessionId=71D885C5C166B25811A5ABC6ACCB0835], Granted Authorities=[ROLE_SUPERUSER]]]
2025-04-08T14:10:36.838+03:00 DEBUG 6860 --- [http-nio-8080-exec-9] o.s.security.web.FilterChainProxy        : Secured GET /v3/api-docs
2025-04-08T14:10:37.949+03:00  INFO 6860 --- [http-nio-8080-exec-9] o.springdoc.api.AbstractOpenApiResource  : Init duration for springdoc-openapi is: 1092 ms
2025-04-08T14:12:03.450+03:00 DEBUG 6860 --- [http-nio-8080-exec-2] o.s.security.web.FilterChainProxy        : Securing POST /api/auth/registration
2025-04-08T14:12:03.450+03:00 DEBUG 6860 --- [http-nio-8080-exec-2] w.c.HttpSessionSecurityContextRepository : Retrieved SecurityContextImpl [Authentication=UsernamePasswordAuthenticationToken [Principal=org.springframework.security.core.userdetails.User [Username=nikolaj, Password=[PROTECTED], Enabled=true, AccountNonExpired=true, CredentialsNonExpired=true, AccountNonLocked=true, Granted Authorities=[ROLE_SUPERUSER]], Credentials=[PROTECTED], Authenticated=true, Details=WebAuthenticationDetails [RemoteIpAddress=127.0.0.1, SessionId=71D885C5C166B25811A5ABC6ACCB0835], Granted Authorities=[ROLE_SUPERUSER]]]
2025-04-08T14:12:03.451+03:00 DEBUG 6860 --- [http-nio-8080-exec-2] o.s.security.web.FilterChainProxy        : Secured POST /api/auth/registration
2025-04-08T14:12:21.119+03:00 DEBUG 6860 --- [http-nio-8080-exec-3] o.s.security.web.FilterChainProxy        : Securing GET /users
2025-04-08T14:12:21.120+03:00 DEBUG 6860 --- [http-nio-8080-exec-3] w.c.HttpSessionSecurityContextRepository : Retrieved SecurityContextImpl [Authentication=UsernamePasswordAuthenticationToken [Principal=org.springframework.security.core.userdetails.User [Username=nikolaj, Password=[PROTECTED], Enabled=true, AccountNonExpired=true, CredentialsNonExpired=true, AccountNonLocked=true, Granted Authorities=[ROLE_SUPERUSER]], Credentials=[PROTECTED], Authenticated=true, Details=WebAuthenticationDetails [RemoteIpAddress=127.0.0.1, SessionId=71D885C5C166B25811A5ABC6ACCB0835], Granted Authorities=[ROLE_SUPERUSER]]]
2025-04-08T14:12:21.120+03:00 DEBUG 6860 --- [http-nio-8080-exec-3] o.s.security.web.FilterChainProxy        : Secured GET /users
2025-04-08T14:14:58.484+03:00  INFO 6860 --- [SpringApplicationShutdownHook] j.LocalContainerEntityManagerFactoryBean : Closing JPA EntityManagerFactory for persistence unit 'default'
2025-04-08T14:14:58.488+03:00  INFO 6860 --- [SpringApplicationShutdownHook] com.zaxxer.hikari.HikariDataSource       : HikariPool-1 - Shutdown initiated...
2025-04-08T14:14:58.506+03:00  INFO 6860 --- [SpringApplicationShutdownHook] com.zaxxer.hikari.HikariDataSource       : HikariPool-1 - Shutdown completed.
